<?xml version="1.0" encoding="UTF-8"?>
<!-- Generated by org.testng.reporters.JUnitXMLReporter -->
<testsuite ignored="0" hostname="DESKTOP-DP86RFE" failures="0" tests="10" name="Surefire test" time="16.724" errors="0" timestamp="2024-10-29T11:06:39 IST">
  <testcase classname="api.test.DDTests" name="testPostUser" time="3.751"/>
  <testcase classname="api.test.DDTests" name="testPostUser" time="1.124"/>
  <testcase classname="api.test.DDTests" name="testPostUser" time="1.16"/>
  <testcase classname="api.test.DDTests" name="testDeleteByUsername" time="1.198"/>
  <testcase classname="api.test.DDTests" name="testDeleteByUsername" time="1.163"/>
  <testcase classname="api.test.DDTests" name="testDeleteByUsername" time="1.121"/>
  <testcase classname="api.test.UserTests" name="testPostuser" time="1.265"/>
  <testcase classname="api.test.UserTests" name="testGetUser" time="1.124"/>
  <testcase classname="api.test.UserTests" name="testUpdateUser" time="1.085"/>
  <testcase classname="api.test.UserTests" name="testDeleteUser" time="1.097"/>
</testsuite> <!-- Surefire test -->
