<?xml version="1.0" encoding="UTF-8"?>
<!-- Generated by org.testng.reporters.JUnitXMLReporter -->
<testsuite ignored="0" hostname="DESKTOP-DP86RFE" failures="0" tests="4" name="Default test" time="7.876" errors="0" timestamp="2024-10-28T18:31:25 IST">
  <testcase classname="api.test.UserTests2" name="testPostuser" time="3.3"/>
  <testcase classname="api.test.UserTests2" name="testGetUser" time="1.145"/>
  <testcase classname="api.test.UserTests2" name="testUpdateUser" time="1.113"/>
  <testcase classname="api.test.UserTests2" name="testDeleteUser" time="1.102"/>
</testsuite> <!-- Default test -->
