<?xml version="1.0" encoding="UTF-8"?>
<testsuite xmlns:xsi="http://www.w3.org/2001/XMLSchema-instance" xsi:noNamespaceSchemaLocation="https://maven.apache.org/surefire/maven-surefire-plugin/xsd/surefire-test-report.xsd" version="3.0.2" name="TestSuite" time="17.385" tests="10" errors="0" skipped="0" failures="0">
  <properties>
[...]
</properties>
  <testcase name="testPostUser[1010, testuser1, John, canedy, j@gmail.com, test@1, 1234567890](1)" classname="api.test.DDTests" time="3.752">
    <system-err><![CDATA[SLF4J: Failed to load class "org.slf4j.impl.StaticLoggerBinder".
SLF4J: Defaulting to no-operation (NOP) logger implementation
SLF4J: See http://www.slf4j.org/codes.html#StaticLoggerBinder for further details.
]]></system-err>
  </testcase>
  <testcase name="testPostUser[1020, testuser2, Ram, krishna, r@gmail.com, test@2, 987654321](2)" classname="api.test.DDTests" time="1.126"/>
  <testcase name="testPostUser[1030, testuser3, Rahim, abdul, a@gmail.com, test@3, 1234509876](3)" classname="api.test.DDTests" time="1.16"/>
  <testcase name="testDeleteByUsername[testuser1](1)" classname="api.test.DDTests" time="1.2"/>
  <testcase name="testDeleteByUsername[testuser2](2)" classname="api.test.DDTests" time="1.163"/>
  <testcase name="testDeleteByUsername[testuser3](3)" classname="api.test.DDTests" time="1.122"/>
  <testcase name="testPostuser" classname="api.test.UserTests" time="1.265">
    <system-out><![CDATA[HTTP/1.1 200 OK
Date: Tue, 29 Oct 2024 05:36:35 GMT
Content-Type: application/json
Transfer-Encoding: chunked
Connection: keep-alive
Access-Control-Allow-Origin: *
Access-Control-Allow-Methods: GET, POST, DELETE, PUT
Access-Control-Allow-Headers: Content-Type, api_key, Authorization
Server: Jetty(9.2.9.v20150224)

{
    "code": 200,
    "type": "unknown",
    "message": "1552312402"
}
]]></system-out>
  </testcase>
  <testcase name="testGetUser" classname="api.test.UserTests" time="1.129">
    <system-out><![CDATA[HTTP/1.1 200 OK
Date: Tue, 29 Oct 2024 05:36:36 GMT
Content-Type: application/json
Transfer-Encoding: chunked
Connection: keep-alive
Access-Control-Allow-Origin: *
Access-Control-Allow-Methods: GET, POST, DELETE, PUT
Access-Control-Allow-Headers: Content-Type, api_key, Authorization
Server: Jetty(9.2.9.v20150224)

{
    "id": 1552312402,
    "username": "nicholaus.mcglynn",
    "firstName": "Darrin",
    "lastName": "Schmidt",
    "email": "ozella.flatley@example.com",
    "password": "f3gs4tcr",
    "phone": "541-124-4079",
    "userStatus": 0
}
]]></system-out>
  </testcase>
  <testcase name="testUpdateUser" classname="api.test.UserTests" time="1.079">
    <system-out><![CDATA[HTTP/1.1 200 OK
Date: Tue, 29 Oct 2024 05:36:37 GMT
Content-Type: application/json
Transfer-Encoding: chunked
Connection: keep-alive
Access-Control-Allow-Origin: *
Access-Control-Allow-Methods: GET, POST, DELETE, PUT
Access-Control-Allow-Headers: Content-Type, api_key, Authorization
Server: Jetty(9.2.9.v20150224)

{
    "code": 200,
    "type": "unknown",
    "message": "1552312402"
}
]]></system-out>
  </testcase>
  <testcase name="testDeleteUser" classname="api.test.UserTests" time="1.102">
    <system-out><![CDATA[HTTP/1.1 200 OK
Date: Tue, 29 Oct 2024 05:36:39 GMT
Content-Type: application/json
Transfer-Encoding: chunked
Connection: keep-alive
Access-Control-Allow-Origin: *
Access-Control-Allow-Methods: GET, POST, DELETE, PUT
Access-Control-Allow-Headers: Content-Type, api_key, Authorization
Server: Jetty(9.2.9.v20150224)

{
    "code": 200,
    "type": "unknown",
    "message": "nicholaus.mcglynn"
}
]]></system-out>
  </testcase>
</testsuite>