<?xml version="1.0" encoding="UTF-8"?>
<testng-results ignored="0" total="10" passed="10" failed="0" skipped="0">
  <reporter-output>
  </reporter-output>
  <suite started-at="2024-10-29T11:06:23 IST" name="Surefire suite" finished-at="2024-10-29T11:06:39 IST" duration-ms="16724">
    <groups>
    </groups>
    <test started-at="2024-10-29T11:06:23 IST" name="Surefire test" finished-at="2024-10-29T11:06:39 IST" duration-ms="16724">
      <class name="api.test.UserTests">
        <test-method is-config="true" signature="setupData()[pri:0, instance:api.test.UserTests@662b4c69]" started-at="2024-10-29T11:06:34 IST" name="setupData" finished-at="2024-10-29T11:06:35 IST" duration-ms="977" status="PASS">
          <reporter-output>
          </reporter-output>
        </test-method> <!-- setupData -->
        <test-method signature="testPostuser()[pri:1, instance:api.test.UserTests@662b4c69]" started-at="2024-10-29T11:06:35 IST" name="testPostuser" finished-at="2024-10-29T11:06:36 IST" duration-ms="1265" status="PASS">
          <reporter-output>
          </reporter-output>
        </test-method> <!-- testPostuser -->
        <test-method signature="testGetUser()[pri:2, instance:api.test.UserTests@662b4c69]" started-at="2024-10-29T11:06:36 IST" name="testGetUser" finished-at="2024-10-29T11:06:37 IST" duration-ms="1124" status="PASS">
          <reporter-output>
          </reporter-output>
        </test-method> <!-- testGetUser -->
        <test-method signature="testUpdateUser()[pri:3, instance:api.test.UserTests@662b4c69]" started-at="2024-10-29T11:06:37 IST" name="testUpdateUser" finished-at="2024-10-29T11:06:38 IST" duration-ms="1085" status="PASS">
          <reporter-output>
          </reporter-output>
        </test-method> <!-- testUpdateUser -->
        <test-method signature="testDeleteUser()[pri:4, instance:api.test.UserTests@662b4c69]" started-at="2024-10-29T11:06:38 IST" name="testDeleteUser" finished-at="2024-10-29T11:06:39 IST" duration-ms="1097" status="PASS">
          <reporter-output>
          </reporter-output>
        </test-method> <!-- testDeleteUser -->
      </class> <!-- api.test.UserTests -->
      <class name="api.test.DDTests">
        <test-method signature="testPostUser(java.lang.String,java.lang.String,java.lang.String,java.lang.String,java.lang.String,java.lang.String,java.lang.String)[pri:1, instance:api.test.DDTests@1a4013]" started-at="2024-10-29T11:06:24 IST" name="testPostUser" data-provider="Data" finished-at="2024-10-29T11:06:28 IST" duration-ms="3751" status="PASS">
          <params>
            <param index="0">
              <value>
                <![CDATA[1010]]>
              </value>
            </param>
            <param index="1">
              <value>
                <![CDATA[testuser1]]>
              </value>
            </param>
            <param index="2">
              <value>
                <![CDATA[John]]>
              </value>
            </param>
            <param index="3">
              <value>
                <![CDATA[canedy]]>
              </value>
            </param>
            <param index="4">
              <value>
                <![CDATA[j@gmail.com]]>
              </value>
            </param>
            <param index="5">
              <value>
                <![CDATA[test@1]]>
              </value>
            </param>
            <param index="6">
              <value>
                <![CDATA[1234567890]]>
              </value>
            </param>
          </params>
          <reporter-output>
          </reporter-output>
        </test-method> <!-- testPostUser -->
        <test-method signature="testPostUser(java.lang.String,java.lang.String,java.lang.String,java.lang.String,java.lang.String,java.lang.String,java.lang.String)[pri:1, instance:api.test.DDTests@1a4013]" started-at="2024-10-29T11:06:28 IST" name="testPostUser" data-provider="Data" finished-at="2024-10-29T11:06:29 IST" duration-ms="1124" status="PASS">
          <params>
            <param index="0">
              <value>
                <![CDATA[1020]]>
              </value>
            </param>
            <param index="1">
              <value>
                <![CDATA[testuser2]]>
              </value>
            </param>
            <param index="2">
              <value>
                <![CDATA[Ram]]>
              </value>
            </param>
            <param index="3">
              <value>
                <![CDATA[krishna]]>
              </value>
            </param>
            <param index="4">
              <value>
                <![CDATA[r@gmail.com]]>
              </value>
            </param>
            <param index="5">
              <value>
                <![CDATA[test@2]]>
              </value>
            </param>
            <param index="6">
              <value>
                <![CDATA[987654321]]>
              </value>
            </param>
          </params>
          <reporter-output>
          </reporter-output>
        </test-method> <!-- testPostUser -->
        <test-method signature="testPostUser(java.lang.String,java.lang.String,java.lang.String,java.lang.String,java.lang.String,java.lang.String,java.lang.String)[pri:1, instance:api.test.DDTests@1a4013]" started-at="2024-10-29T11:06:29 IST" name="testPostUser" data-provider="Data" finished-at="2024-10-29T11:06:30 IST" duration-ms="1160" status="PASS">
          <params>
            <param index="0">
              <value>
                <![CDATA[1030]]>
              </value>
            </param>
            <param index="1">
              <value>
                <![CDATA[testuser3]]>
              </value>
            </param>
            <param index="2">
              <value>
                <![CDATA[Rahim]]>
              </value>
            </param>
            <param index="3">
              <value>
                <![CDATA[abdul]]>
              </value>
            </param>
            <param index="4">
              <value>
                <![CDATA[a@gmail.com]]>
              </value>
            </param>
            <param index="5">
              <value>
                <![CDATA[test@3]]>
              </value>
            </param>
            <param index="6">
              <value>
                <![CDATA[1234509876]]>
              </value>
            </param>
          </params>
          <reporter-output>
          </reporter-output>
        </test-method> <!-- testPostUser -->
        <test-method signature="testDeleteByUsername(java.lang.String)[pri:2, instance:api.test.DDTests@1a4013]" started-at="2024-10-29T11:06:30 IST" name="testDeleteByUsername" data-provider="UserNames" finished-at="2024-10-29T11:06:31 IST" duration-ms="1198" status="PASS">
          <params>
            <param index="0">
              <value>
                <![CDATA[testuser1]]>
              </value>
            </param>
          </params>
          <reporter-output>
          </reporter-output>
        </test-method> <!-- testDeleteByUsername -->
        <test-method signature="testDeleteByUsername(java.lang.String)[pri:2, instance:api.test.DDTests@1a4013]" started-at="2024-10-29T11:06:31 IST" name="testDeleteByUsername" data-provider="UserNames" finished-at="2024-10-29T11:06:33 IST" duration-ms="1163" status="PASS">
          <params>
            <param index="0">
              <value>
                <![CDATA[testuser2]]>
              </value>
            </param>
          </params>
          <reporter-output>
          </reporter-output>
        </test-method> <!-- testDeleteByUsername -->
        <test-method signature="testDeleteByUsername(java.lang.String)[pri:2, instance:api.test.DDTests@1a4013]" started-at="2024-10-29T11:06:33 IST" name="testDeleteByUsername" data-provider="UserNames" finished-at="2024-10-29T11:06:34 IST" duration-ms="1121" status="PASS">
          <params>
            <param index="0">
              <value>
                <![CDATA[testuser3]]>
              </value>
            </param>
          </params>
          <reporter-output>
          </reporter-output>
        </test-method> <!-- testDeleteByUsername -->
      </class> <!-- api.test.DDTests -->
    </test> <!-- Surefire test -->
  </suite> <!-- Surefire suite -->
</testng-results>
