<?xml version="1.0" encoding="UTF-8"?>
<testng-results ignored="0" total="4" passed="4" failed="0" skipped="0">
  <reporter-output>
  </reporter-output>
  <suite started-at="2024-10-28T18:31:17 IST" name="Default suite" finished-at="2024-10-28T18:31:25 IST" duration-ms="7876">
    <groups>
    </groups>
    <test started-at="2024-10-28T18:31:17 IST" name="Default test" finished-at="2024-10-28T18:31:25 IST" duration-ms="7876">
      <class name="api.test.UserTests2">
        <test-method is-config="true" signature="setupData()[pri:0, instance:api.test.UserTests2@173ed316]" started-at="2024-10-28T18:31:18 IST" name="setupData" finished-at="2024-10-28T18:31:19 IST" duration-ms="1148" status="PASS">
          <reporter-output>
          </reporter-output>
        </test-method> <!-- setupData -->
        <test-method signature="testPostuser()[pri:1, instance:api.test.UserTests2@173ed316]" started-at="2024-10-28T18:31:19 IST" name="testPostuser" finished-at="2024-10-28T18:31:22 IST" duration-ms="3300" status="PASS">
          <reporter-output>
          </reporter-output>
        </test-method> <!-- testPostuser -->
        <test-method signature="testGetUser()[pri:2, instance:api.test.UserTests2@173ed316]" started-at="2024-10-28T18:31:22 IST" name="testGetUser" finished-at="2024-10-28T18:31:23 IST" duration-ms="1145" status="PASS">
          <reporter-output>
          </reporter-output>
        </test-method> <!-- testGetUser -->
        <test-method signature="testUpdateUser()[pri:3, instance:api.test.UserTests2@173ed316]" started-at="2024-10-28T18:31:23 IST" name="testUpdateUser" finished-at="2024-10-28T18:31:24 IST" duration-ms="1113" status="PASS">
          <reporter-output>
          </reporter-output>
        </test-method> <!-- testUpdateUser -->
        <test-method signature="testDeleteUser()[pri:4, instance:api.test.UserTests2@173ed316]" started-at="2024-10-28T18:31:24 IST" name="testDeleteUser" finished-at="2024-10-28T18:31:25 IST" duration-ms="1102" status="PASS">
          <reporter-output>
          </reporter-output>
        </test-method> <!-- testDeleteUser -->
      </class> <!-- api.test.UserTests2 -->
    </test> <!-- Default test -->
  </suite> <!-- Default suite -->
</testng-results>
