<?xml version="1.0" encoding="UTF-8"?>
<!-- Generated by org.testng.reporters.JUnitXMLReporter -->
<testsuite ignored="0" hostname="DESKTOP-DP86RFE" failures="1" tests="4" name="Test" time="6.858" errors="0" timestamp="2024-10-28T18:28:32 IST">
  <testcase classname="api.test.UserTests2" name="testPostuser" time="3.233"/>
  <testcase classname="api.test.UserTests2" name="testGetUser" time="1.135"/>
  <testcase classname="api.test.UserTests2" name="testUpdateUser" time="0.002">
    <failure type="java.util.MissingResourceException" message="Can&amp;apos;t find resource for bundle java.util.PropertyResourceBundle, key put_url">
      <![CDATA[java.util.MissingResourceException: Can't find resource for bundle java.util.PropertyResourceBundle, key put_url
at java.base/java.util.ResourceBundle.getObject(ResourceBundle.java:567)
at java.base/java.util.ResourceBundle.getString(ResourceBundle.java:523)
at api.endpoints.UserEndPoints2.updateUser(UserEndPoints2.java:41)
at api.test.UserTests2.testUpdateUser(UserTests2.java:64)
at java.base/java.util.ArrayList.forEach(ArrayList.java:1596)
... Removed 25 stack frames]]>
    </failure>
  </testcase> <!-- testUpdateUser -->
  <testcase classname="api.test.UserTests2" name="testDeleteUser" time="1.115"/>
</testsuite> <!-- Test -->
